  ConsoleApplication7.cpp
C:\Users\Usver\source\repos\ConsoleApplication7\ConsoleApplication7.cpp(42,14): warning C4244: инициализация: преобразование "double" в "float", возможна потеря данных
C:\Users\Usver\source\repos\ConsoleApplication7\ConsoleApplication7.cpp(64,10): warning C4244: =: преобразование "double" в "float", возможна потеря данных
C:\Users\Usver\source\repos\ConsoleApplication7\ConsoleApplication7.cpp(65,7): warning C4244: =: преобразование "double" в "float", возможна потеря данных
C:\Users\Usver\source\repos\ConsoleApplication7\ConsoleApplication7.cpp(75,30): warning C4305: инициализация: усечение из "double" в "GLfloat"
C:\Users\Usver\source\repos\ConsoleApplication7\ConsoleApplication7.cpp(79,14): warning C4244: =: преобразование "double" в "GLfloat", возможна потеря данных
C:\Users\Usver\source\repos\ConsoleApplication7\ConsoleApplication7.cpp(80,14): warning C4244: =: преобразование "double" в "GLfloat", возможна потеря данных
C:\Users\Usver\source\repos\ConsoleApplication7\ConsoleApplication7.cpp(81,48): warning C4244: аргумент: преобразование "double" в "GLfloat", возможна потеря данных
C:\Users\Usver\source\repos\ConsoleApplication7\ConsoleApplication7.cpp(81,27): warning C4244: аргумент: преобразование "double" в "GLfloat", возможна потеря данных
C:\Users\Usver\source\repos\ConsoleApplication7\ConsoleApplication7.cpp(105,17): warning C4244: аргумент: преобразование "GLdouble" в "GLfloat", возможна потеря данных
C:\Users\Usver\source\repos\ConsoleApplication7\ConsoleApplication7.cpp(105,14): warning C4244: аргумент: преобразование "GLdouble" в "GLfloat", возможна потеря данных
C:\Users\Usver\source\repos\ConsoleApplication7\ConsoleApplication7.cpp(106,17): warning C4244: аргумент: преобразование "GLdouble" в "GLfloat", возможна потеря данных
C:\Users\Usver\source\repos\ConsoleApplication7\ConsoleApplication7.cpp(106,14): warning C4244: аргумент: преобразование "GLdouble" в "GLfloat", возможна потеря данных
C:\Users\Usver\source\repos\ConsoleApplication7\ConsoleApplication7.cpp(124,48): warning C4244: аргумент: преобразование "double" в "GLfloat", возможна потеря данных
C:\Users\Usver\source\repos\ConsoleApplication7\ConsoleApplication7.cpp(124,27): warning C4244: аргумент: преобразование "double" в "GLfloat", возможна потеря данных
C:\Users\Usver\source\repos\ConsoleApplication7\ConsoleApplication7.cpp(125,46): warning C4244: аргумент: преобразование "double" в "GLfloat", возможна потеря данных
C:\Users\Usver\source\repos\ConsoleApplication7\ConsoleApplication7.cpp(125,25): warning C4244: аргумент: преобразование "double" в "GLfloat", возможна потеря данных
C:\Users\Usver\source\repos\ConsoleApplication7\ConsoleApplication7.cpp(133,48): warning C4244: аргумент: преобразование "double" в "GLfloat", возможна потеря данных
C:\Users\Usver\source\repos\ConsoleApplication7\ConsoleApplication7.cpp(133,27): warning C4244: аргумент: преобразование "double" в "GLfloat", возможна потеря данных
C:\Users\Usver\source\repos\ConsoleApplication7\ConsoleApplication7.cpp(134,46): warning C4244: аргумент: преобразование "double" в "GLfloat", возможна потеря данных
C:\Users\Usver\source\repos\ConsoleApplication7\ConsoleApplication7.cpp(134,25): warning C4244: аргумент: преобразование "double" в "GLfloat", возможна потеря данных
C:\Users\Usver\source\repos\ConsoleApplication7\ConsoleApplication7.cpp(144,22): warning C4305: аргумент: усечение из "double" в "GLfloat"
C:\Users\Usver\source\repos\ConsoleApplication7\ConsoleApplication7.cpp(145,21): warning C4305: аргумент: усечение из "double" в "GLfloat"
C:\Users\Usver\source\repos\ConsoleApplication7\ConsoleApplication7.cpp(146,20): warning C4305: аргумент: усечение из "double" в "GLfloat"
C:\Users\Usver\source\repos\ConsoleApplication7\ConsoleApplication7.cpp(212,39): warning C4305: инициализация: усечение из "double" в "float"
C:\Users\Usver\source\repos\ConsoleApplication7\ConsoleApplication7.cpp(215,44): warning C4305: инициализация: усечение из "double" в "GLfloat"
C:\Users\Usver\source\repos\ConsoleApplication7\ConsoleApplication7.cpp(216,51): warning C4305: инициализация: усечение из "double" в "GLfloat"
C:\Users\Usver\source\repos\ConsoleApplication7\ConsoleApplication7.cpp(219,35): warning C4838: Преобразование из "double" в "GLfloat" требует сужающего преобразования.
C:\Users\Usver\source\repos\ConsoleApplication7\ConsoleApplication7.cpp(219,35): warning C4244: инициализация: преобразование "double" в "GLfloat", возможна потеря данных
C:\Users\Usver\source\repos\ConsoleApplication7\ConsoleApplication7.cpp(219,58): warning C4838: Преобразование из "double" в "GLfloat" требует сужающего преобразования.
C:\Users\Usver\source\repos\ConsoleApplication7\ConsoleApplication7.cpp(219,58): warning C4244: инициализация: преобразование "double" в "GLfloat", возможна потеря данных
C:\Users\Usver\source\repos\ConsoleApplication7\ConsoleApplication7.cpp(221,44): warning C4305: инициализация: усечение из "double" в "GLfloat"
C:\Users\Usver\source\repos\ConsoleApplication7\ConsoleApplication7.cpp(254,49): warning C4305: аргумент: усечение из "double" в "GLfloat"
C:\Users\Usver\source\repos\ConsoleApplication7\ConsoleApplication7.cpp(255,52): warning C4305: аргумент: усечение из "double" в "GLfloat"
  ConsoleApplication7.vcxproj -> C:\Users\Usver\source\repos\ConsoleApplication7\Debug\ConsoleApplication7.exe
